<?xml version="1.0" encoding="UTF-8"?>
<testng-results ignored="0" total="4" passed="4" failed="0" skipped="0">
  <reporter-output>
  </reporter-output>
  <suite started-at="2023-12-14T14:32:11 IST" name="Default suite" finished-at="2023-12-14T14:32:12 IST" duration-ms="123">
    <groups>
    </groups>
    <test started-at="2023-12-14T14:32:11 IST" name="Default test" finished-at="2023-12-14T14:32:12 IST" duration-ms="123">
      <class name="com.java8.practice.FilterDemo">
        <test-method signature="concatTwoStream()[pri:0, instance:com.java8.practice.FilterDemo@7fee8714]" started-at="2023-12-14T14:32:11 IST" name="concatTwoStream" finished-at="2023-12-14T14:32:12 IST" duration-ms="20" status="PASS">
          <reporter-output>
          </reporter-output>
        </test-method> <!-- concatTwoStream -->
        <test-method signature="countStringStartWithA()[pri:0, instance:com.java8.practice.FilterDemo@7fee8714]" started-at="2023-12-14T14:32:12 IST" name="countStringStartWithA" finished-at="2023-12-14T14:32:12 IST" duration-ms="8" status="PASS">
          <reporter-output>
          </reporter-output>
        </test-method> <!-- countStringStartWithA -->
        <test-method signature="streamCollect()[pri:0, instance:com.java8.practice.FilterDemo@7fee8714]" started-at="2023-12-14T14:32:12 IST" name="streamCollect" finished-at="2023-12-14T14:32:12 IST" duration-ms="7" status="PASS">
          <reporter-output>
          </reporter-output>
        </test-method> <!-- streamCollect -->
        <test-method signature="streamMap()[pri:0, instance:com.java8.practice.FilterDemo@7fee8714]" started-at="2023-12-14T14:32:12 IST" name="streamMap" finished-at="2023-12-14T14:32:12 IST" duration-ms="10" status="PASS">
          <reporter-output>
          </reporter-output>
        </test-method> <!-- streamMap -->
      </class> <!-- com.java8.practice.FilterDemo -->
    </test> <!-- Default test -->
  </suite> <!-- Default suite -->
</testng-results>
