<?xml version="1.0" encoding="UTF-8"?>
<testng-results ignored="0" total="3" passed="3" failed="0" skipped="0">
  <reporter-output>
  </reporter-output>
  <suite started-at="2023-12-13T11:17:25 IST" name="Default suite" finished-at="2023-12-13T11:17:26 IST" duration-ms="1043">
    <groups>
    </groups>
    <test started-at="2023-12-13T11:17:25 IST" name="Default test" finished-at="2023-12-13T11:17:26 IST" duration-ms="1043">
      <class name="com.dataprovider.excel.IntegrationWithDataProvider">
        <test-method signature="testCaseData(java.lang.String,java.lang.String,java.lang.String)[pri:0, instance:com.dataprovider.excel.IntegrationWithDataProvider@2e3967ea]" started-at="2023-12-13T11:17:26 IST" name="testCaseData" data-provider="driveTest" finished-at="2023-12-13T11:17:26 IST" duration-ms="10" status="PASS">
          <params>
            <param index="0">
              <value>
                <![CDATA[Sanket]]>
              </value>
            </param>
            <param index="1">
              <value>
                <![CDATA[Deshmukh]]>
              </value>
            </param>
            <param index="2">
              <value>
                <![CDATA[1]]>
              </value>
            </param>
          </params>
          <reporter-output>
          </reporter-output>
        </test-method> <!-- testCaseData -->
        <test-method signature="testCaseData(java.lang.String,java.lang.String,java.lang.String)[pri:0, instance:com.dataprovider.excel.IntegrationWithDataProvider@2e3967ea]" started-at="2023-12-13T11:17:26 IST" name="testCaseData" data-provider="driveTest" finished-at="2023-12-13T11:17:26 IST" duration-ms="1" status="PASS">
          <params>
            <param index="0">
              <value>
                <![CDATA[Manish ]]>
              </value>
            </param>
            <param index="1">
              <value>
                <![CDATA[Jumde]]>
              </value>
            </param>
            <param index="2">
              <value>
                <![CDATA[2]]>
              </value>
            </param>
          </params>
          <reporter-output>
          </reporter-output>
        </test-method> <!-- testCaseData -->
        <test-method signature="testCaseData(java.lang.String,java.lang.String,java.lang.String)[pri:0, instance:com.dataprovider.excel.IntegrationWithDataProvider@2e3967ea]" started-at="2023-12-13T11:17:26 IST" name="testCaseData" data-provider="driveTest" finished-at="2023-12-13T11:17:26 IST" duration-ms="2" status="PASS">
          <params>
            <param index="0">
              <value>
                <![CDATA[Suraj]]>
              </value>
            </param>
            <param index="1">
              <value>
                <![CDATA[Agashe]]>
              </value>
            </param>
            <param index="2">
              <value>
                <![CDATA[3]]>
              </value>
            </param>
          </params>
          <reporter-output>
          </reporter-output>
        </test-method> <!-- testCaseData -->
      </class> <!-- com.dataprovider.excel.IntegrationWithDataProvider -->
    </test> <!-- Default test -->
  </suite> <!-- Default suite -->
</testng-results>
