<?xml version="1.0" encoding="UTF-8"?>
<!-- Generated by org.testng.reporters.JUnitXMLReporter -->
<testsuite ignored="0" hostname="INDELNB1101" failures="0" tests="4" name="Default test" time="0.123" errors="0" timestamp="2023-12-14T14:32:12 IST">
  <testcase classname="com.java8.practice.FilterDemo" name="concatTwoStream" time="0.02"/>
  <testcase classname="com.java8.practice.FilterDemo" name="countStringStartWithA" time="0.008"/>
  <testcase classname="com.java8.practice.FilterDemo" name="streamCollect" time="0.007"/>
  <testcase classname="com.java8.practice.FilterDemo" name="streamMap" time="0.01"/>
</testsuite> <!-- Default test -->
