<?xml version="1.0" encoding="UTF-8"?>
<!-- Generated by org.testng.reporters.JUnitXMLReporter -->
<testsuite ignored="0" hostname="INDELNB1101" failures="0" tests="2" name="Error Validation Test" time="23.219" errors="0" timestamp="2023-12-08T14:36:23 IST">
  <testcase classname="com.sanket.pageobjects.test.ErrorValidationTest" name="loginErrorValidation" time="3.306"/>
  <testcase classname="com.sanket.pageobjects.test.ErrorValidationTest" name="productErrorValidation" time="3.815"/>
</testsuite> <!-- Error Validation Test -->
