<?xml version="1.0" encoding="UTF-8"?>
<!-- Generated by org.testng.reporters.JUnitXMLReporter -->
<testsuite ignored="0" hostname="INDELNB1101" failures="0" tests="3" name="Submit Order Test" time="40.55" errors="0" timestamp="2023-12-08T14:36:40 IST">
  <testcase classname="com.sanket.pageobjects.test.SubmitOrderTest" name="submitOrder" time="9.938"/>
  <testcase classname="com.sanket.pageobjects.test.SubmitOrderTest" name="submitOrder" time="10.133"/>
  <testcase classname="com.sanket.pageobjects.test.SubmitOrderTest" name="orderHistory" time="1.191"/>
</testsuite> <!-- Submit Order Test -->
