<?xml version="1.0" encoding="UTF-8"?>
<!-- Generated by org.testng.reporters.JUnitXMLReporter -->
<testsuite ignored="0" hostname="INDELNB1101" failures="0" tests="3" name="Default test" time="1.043" errors="0" timestamp="2023-12-13T11:17:26 IST">
  <testcase classname="com.dataprovider.excel.IntegrationWithDataProvider" name="testCaseData" time="0.01"/>
  <testcase classname="com.dataprovider.excel.IntegrationWithDataProvider" name="testCaseData" time="0.001"/>
  <testcase classname="com.dataprovider.excel.IntegrationWithDataProvider" name="testCaseData" time="0.002"/>
</testsuite> <!-- Default test -->
